This is pdfTeX, Version 3.14159265-2.6-1.40.20 (TeX Live 2019/Debian) (preloaded format=pdflatex 2021.6.13)  29 JUL 2021 07:21
entering extended mode
 \write18 enabled.
 %&-line parsing enabled.
**SWCD-2021-07-30.tex
(./SWCD-2021-07-30.tex
LaTeX2e <2020-02-02> patch level 2
L3 programming layer <2020-02-14>
(/usr/share/texlive/texmf-dist/tex/latex/beamer/beamer.cls
Document Class: beamer 2019/09/29 v3.57 A class for typesetting presentations
(/usr/share/texlive/texmf-dist/tex/latex/beamer/beamerbasemodes.sty
(/usr/share/texlive/texmf-dist/tex/latex/etoolbox/etoolbox.sty
Package: etoolbox 2019/09/21 v2.5h e-TeX tools for LaTeX (JAW)
\etb@tempcnta=\count167
)
\beamer@tempbox=\box45
\beamer@tempcount=\count168
\c@beamerpauses=\count169

(/usr/share/texlive/texmf-dist/tex/latex/beamer/beamerbasedecode.sty
\beamer@slideinframe=\count170
\beamer@minimum=\count171
\beamer@decode@box=\box46
)
\beamer@commentbox=\box47
\beamer@modecount=\count172
)
(/usr/share/texlive/texmf-dist/tex/generic/iftex/ifpdf.sty
Package: ifpdf 2019/10/25 v3.4 ifpdf legacy package. Use iftex instead.

(/usr/share/texlive/texmf-dist/tex/generic/iftex/iftex.sty
Package: iftex 2019/11/07 v1.0c TeX engine tests
))
\headdp=\dimen134
\footheight=\dimen135
\sidebarheight=\dimen136
\beamer@tempdim=\dimen137
\beamer@finalheight=\dimen138
\beamer@animht=\dimen139
\beamer@animdp=\dimen140
\beamer@animwd=\dimen141
\beamer@leftmargin=\dimen142
\beamer@rightmargin=\dimen143
\beamer@leftsidebar=\dimen144
\beamer@rightsidebar=\dimen145
\beamer@boxsize=\dimen146
\beamer@vboxoffset=\dimen147
\beamer@descdefault=\dimen148
\beamer@descriptionwidth=\dimen149
\beamer@lastskip=\skip47
\beamer@areabox=\box48
\beamer@animcurrent=\box49
\beamer@animshowbox=\box50
\beamer@sectionbox=\box51
\beamer@logobox=\box52
\beamer@linebox=\box53
\beamer@sectioncount=\count173
\beamer@subsubsectionmax=\count174
\beamer@subsectionmax=\count175
\beamer@sectionmax=\count176
\beamer@totalheads=\count177
\beamer@headcounter=\count178
\beamer@partstartpage=\count179
\beamer@sectionstartpage=\count180
\beamer@subsectionstartpage=\count181
\beamer@animationtempa=\count182
\beamer@animationtempb=\count183
\beamer@xpos=\count184
\beamer@ypos=\count185
\beamer@ypos@offset=\count186
\beamer@showpartnumber=\count187
\beamer@currentsubsection=\count188
\beamer@coveringdepth=\count189
\beamer@sectionadjust=\count190
\beamer@tocsectionnumber=\count191

(/usr/share/texlive/texmf-dist/tex/latex/beamer/beamerbaseoptions.sty
(/usr/share/texlive/texmf-dist/tex/latex/graphics/keyval.sty
Package: keyval 2014/10/28 v1.15 key=value parser (DPC)
\KV@toks@=\toks14
))
\beamer@paperwidth=\skip48
\beamer@paperheight=\skip49

(/usr/share/texlive/texmf-dist/tex/latex/geometry/geometry.sty
Package: geometry 2020/01/02 v5.9 Page Geometry

(/usr/share/texlive/texmf-dist/tex/generic/iftex/ifvtex.sty
Package: ifvtex 2019/10/25 v1.7 ifvtex legacy package. Use iftex instead.
)
\Gm@cnth=\count192
\Gm@cntv=\count193
\c@Gm@tempcnt=\count194
\Gm@bindingoffset=\dimen150
\Gm@wd@mp=\dimen151
\Gm@odd@mp=\dimen152
\Gm@even@mp=\dimen153
\Gm@layoutwidth=\dimen154
\Gm@layoutheight=\dimen155
\Gm@layouthoffset=\dimen156
\Gm@layoutvoffset=\dimen157
\Gm@dimlist=\toks15
)
(/usr/share/texlive/texmf-dist/tex/latex/base/size11.clo
File: size11.clo 2019/12/20 v1.4l Standard LaTeX file (size option)
)
(/usr/share/texlive/texmf-dist/tex/latex/pgf/basiclayer/pgfcore.sty
(/usr/share/texlive/texmf-dist/tex/latex/graphics/graphicx.sty
Package: graphicx 2019/11/30 v1.2a Enhanced LaTeX Graphics (DPC,SPQR)

(/usr/share/texlive/texmf-dist/tex/latex/graphics/graphics.sty
Package: graphics 2019/11/30 v1.4a Standard LaTeX Graphics (DPC,SPQR)

(/usr/share/texlive/texmf-dist/tex/latex/graphics/trig.sty
Package: trig 2016/01/03 v1.10 sin cos tan (DPC)
)
(/usr/share/texlive/texmf-dist/tex/latex/graphics-cfg/graphics.cfg
File: graphics.cfg 2016/06/04 v1.11 sample graphics configuration
)
Package graphics Info: Driver file: pdftex.def on input line 105.

(/usr/share/texlive/texmf-dist/tex/latex/graphics-def/pdftex.def
File: pdftex.def 2018/01/08 v1.0l Graphics/color driver for pdftex
))
\Gin@req@height=\dimen158
\Gin@req@width=\dimen159
)
(/usr/share/texlive/texmf-dist/tex/latex/pgf/systemlayer/pgfsys.sty
(/usr/share/texlive/texmf-dist/tex/latex/pgf/utilities/pgfrcs.sty
(/usr/share/texlive/texmf-dist/tex/generic/pgf/utilities/pgfutil-common.tex
\pgfutil@everybye=\toks16
\pgfutil@tempdima=\dimen160
\pgfutil@tempdimb=\dimen161

(/usr/share/texlive/texmf-dist/tex/generic/pgf/utilities/pgfutil-common-lists.t
ex)) (/usr/share/texlive/texmf-dist/tex/generic/pgf/utilities/pgfutil-latex.def
\pgfutil@abb=\box54
(/usr/share/texlive/texmf-dist/tex/latex/ms/everyshi.sty
Package: everyshi 2001/05/15 v3.00 EveryShipout Package (MS)
))
(/usr/share/texlive/texmf-dist/tex/generic/pgf/utilities/pgfrcs.code.tex
(/usr/share/texlive/texmf-dist/tex/generic/pgf/pgf.revision.tex)
Package: pgfrcs 2020/01/08 v3.1.5b (3.1.5b)
))
(/usr/share/texlive/texmf-dist/tex/generic/pgf/systemlayer/pgfsys.code.tex
Package: pgfsys 2020/01/08 v3.1.5b (3.1.5b)

(/usr/share/texlive/texmf-dist/tex/generic/pgf/utilities/pgfkeys.code.tex
\pgfkeys@pathtoks=\toks17
\pgfkeys@temptoks=\toks18

(/usr/share/texlive/texmf-dist/tex/generic/pgf/utilities/pgfkeysfiltered.code.t
ex
\pgfkeys@tmptoks=\toks19
))
\pgf@x=\dimen162
\pgf@y=\dimen163
\pgf@xa=\dimen164
\pgf@ya=\dimen165
\pgf@xb=\dimen166
\pgf@yb=\dimen167
\pgf@xc=\dimen168
\pgf@yc=\dimen169
\pgf@xd=\dimen170
\pgf@yd=\dimen171
\w@pgf@writea=\write3
\r@pgf@reada=\read2
\c@pgf@counta=\count195
\c@pgf@countb=\count196
\c@pgf@countc=\count197
\c@pgf@countd=\count198
\t@pgf@toka=\toks20
\t@pgf@tokb=\toks21
\t@pgf@tokc=\toks22
\pgf@sys@id@count=\count199
 (/usr/share/texlive/texmf-dist/tex/generic/pgf/systemlayer/pgf.cfg
File: pgf.cfg 2020/01/08 v3.1.5b (3.1.5b)
)
Driver file for pgf: pgfsys-pdftex.def

(/usr/share/texlive/texmf-dist/tex/generic/pgf/systemlayer/pgfsys-pdftex.def
File: pgfsys-pdftex.def 2020/01/08 v3.1.5b (3.1.5b)

(/usr/share/texlive/texmf-dist/tex/generic/pgf/systemlayer/pgfsys-common-pdf.de
f
File: pgfsys-common-pdf.def 2020/01/08 v3.1.5b (3.1.5b)
)))
(/usr/share/texlive/texmf-dist/tex/generic/pgf/systemlayer/pgfsyssoftpath.code.
tex
File: pgfsyssoftpath.code.tex 2020/01/08 v3.1.5b (3.1.5b)
\pgfsyssoftpath@smallbuffer@items=\count266
\pgfsyssoftpath@bigbuffer@items=\count267
)
(/usr/share/texlive/texmf-dist/tex/generic/pgf/systemlayer/pgfsysprotocol.code.
tex
File: pgfsysprotocol.code.tex 2020/01/08 v3.1.5b (3.1.5b)
)) (/usr/share/texlive/texmf-dist/tex/latex/xcolor/xcolor.sty
Package: xcolor 2016/05/11 v2.12 LaTeX color extensions (UK)

(/usr/share/texlive/texmf-dist/tex/latex/graphics-cfg/color.cfg
File: color.cfg 2016/01/02 v1.6 sample color configuration
)
Package xcolor Info: Driver file: pdftex.def on input line 225.
Package xcolor Info: Model `cmy' substituted by `cmy0' on input line 1348.
Package xcolor Info: Model `hsb' substituted by `rgb' on input line 1352.
Package xcolor Info: Model `RGB' extended on input line 1364.
Package xcolor Info: Model `HTML' substituted by `rgb' on input line 1366.
Package xcolor Info: Model `Hsb' substituted by `hsb' on input line 1367.
Package xcolor Info: Model `tHsb' substituted by `hsb' on input line 1368.
Package xcolor Info: Model `HSB' substituted by `hsb' on input line 1369.
Package xcolor Info: Model `Gray' substituted by `gray' on input line 1370.
Package xcolor Info: Model `wave' substituted by `hsb' on input line 1371.
)
(/usr/share/texlive/texmf-dist/tex/generic/pgf/basiclayer/pgfcore.code.tex
Package: pgfcore 2020/01/08 v3.1.5b (3.1.5b)

(/usr/share/texlive/texmf-dist/tex/generic/pgf/math/pgfmath.code.tex
(/usr/share/texlive/texmf-dist/tex/generic/pgf/math/pgfmathcalc.code.tex
(/usr/share/texlive/texmf-dist/tex/generic/pgf/math/pgfmathutil.code.tex)
(/usr/share/texlive/texmf-dist/tex/generic/pgf/math/pgfmathparser.code.tex
\pgfmath@dimen=\dimen172
\pgfmath@count=\count268
\pgfmath@box=\box55
\pgfmath@toks=\toks23
\pgfmath@stack@operand=\toks24
\pgfmath@stack@operation=\toks25
)
(/usr/share/texlive/texmf-dist/tex/generic/pgf/math/pgfmathfunctions.code.tex
(/usr/share/texlive/texmf-dist/tex/generic/pgf/math/pgfmathfunctions.basic.code
.tex)
(/usr/share/texlive/texmf-dist/tex/generic/pgf/math/pgfmathfunctions.trigonomet
ric.code.tex)
(/usr/share/texlive/texmf-dist/tex/generic/pgf/math/pgfmathfunctions.random.cod
e.tex)
(/usr/share/texlive/texmf-dist/tex/generic/pgf/math/pgfmathfunctions.comparison
.code.tex)
(/usr/share/texlive/texmf-dist/tex/generic/pgf/math/pgfmathfunctions.base.code.
tex)
(/usr/share/texlive/texmf-dist/tex/generic/pgf/math/pgfmathfunctions.round.code
.tex)
(/usr/share/texlive/texmf-dist/tex/generic/pgf/math/pgfmathfunctions.misc.code.
tex)
(/usr/share/texlive/texmf-dist/tex/generic/pgf/math/pgfmathfunctions.integerari
thmetics.code.tex)))
(/usr/share/texlive/texmf-dist/tex/generic/pgf/math/pgfmathfloat.code.tex
\c@pgfmathroundto@lastzeros=\count269
))
(/usr/share/texlive/texmf-dist/tex/generic/pgf/math/pgfint.code.tex)
(/usr/share/texlive/texmf-dist/tex/generic/pgf/basiclayer/pgfcorepoints.code.te
x
File: pgfcorepoints.code.tex 2020/01/08 v3.1.5b (3.1.5b)
\pgf@picminx=\dimen173
\pgf@picmaxx=\dimen174
\pgf@picminy=\dimen175
\pgf@picmaxy=\dimen176
\pgf@pathminx=\dimen177
\pgf@pathmaxx=\dimen178
\pgf@pathminy=\dimen179
\pgf@pathmaxy=\dimen180
\pgf@xx=\dimen181
\pgf@xy=\dimen182
\pgf@yx=\dimen183
\pgf@yy=\dimen184
\pgf@zx=\dimen185
\pgf@zy=\dimen186
)
(/usr/share/texlive/texmf-dist/tex/generic/pgf/basiclayer/pgfcorepathconstruct.
code.tex
File: pgfcorepathconstruct.code.tex 2020/01/08 v3.1.5b (3.1.5b)
\pgf@path@lastx=\dimen187
\pgf@path@lasty=\dimen188
)
(/usr/share/texlive/texmf-dist/tex/generic/pgf/basiclayer/pgfcorepathusage.code
.tex
File: pgfcorepathusage.code.tex 2020/01/08 v3.1.5b (3.1.5b)
\pgf@shorten@end@additional=\dimen189
\pgf@shorten@start@additional=\dimen190
)
(/usr/share/texlive/texmf-dist/tex/generic/pgf/basiclayer/pgfcorescopes.code.te
x
File: pgfcorescopes.code.tex 2020/01/08 v3.1.5b (3.1.5b)
\pgfpic=\box56
\pgf@hbox=\box57
\pgf@layerbox@main=\box58
\pgf@picture@serial@count=\count270
)
(/usr/share/texlive/texmf-dist/tex/generic/pgf/basiclayer/pgfcoregraphicstate.c
ode.tex
File: pgfcoregraphicstate.code.tex 2020/01/08 v3.1.5b (3.1.5b)
\pgflinewidth=\dimen191
)
(/usr/share/texlive/texmf-dist/tex/generic/pgf/basiclayer/pgfcoretransformation
s.code.tex
File: pgfcoretransformations.code.tex 2020/01/08 v3.1.5b (3.1.5b)
\pgf@pt@x=\dimen192
\pgf@pt@y=\dimen193
\pgf@pt@temp=\dimen194
)
(/usr/share/texlive/texmf-dist/tex/generic/pgf/basiclayer/pgfcorequick.code.tex
File: pgfcorequick.code.tex 2020/01/08 v3.1.5b (3.1.5b)
)
(/usr/share/texlive/texmf-dist/tex/generic/pgf/basiclayer/pgfcoreobjects.code.t
ex
File: pgfcoreobjects.code.tex 2020/01/08 v3.1.5b (3.1.5b)
)
(/usr/share/texlive/texmf-dist/tex/generic/pgf/basiclayer/pgfcorepathprocessing
.code.tex
File: pgfcorepathprocessing.code.tex 2020/01/08 v3.1.5b (3.1.5b)
)
(/usr/share/texlive/texmf-dist/tex/generic/pgf/basiclayer/pgfcorearrows.code.te
x
File: pgfcorearrows.code.tex 2020/01/08 v3.1.5b (3.1.5b)
\pgfarrowsep=\dimen195
)
(/usr/share/texlive/texmf-dist/tex/generic/pgf/basiclayer/pgfcoreshade.code.tex
File: pgfcoreshade.code.tex 2020/01/08 v3.1.5b (3.1.5b)
\pgf@max=\dimen196
\pgf@sys@shading@range@num=\count271
\pgf@shadingcount=\count272
)
(/usr/share/texlive/texmf-dist/tex/generic/pgf/basiclayer/pgfcoreimage.code.tex
File: pgfcoreimage.code.tex 2020/01/08 v3.1.5b (3.1.5b)

(/usr/share/texlive/texmf-dist/tex/generic/pgf/basiclayer/pgfcoreexternal.code.
tex
File: pgfcoreexternal.code.tex 2020/01/08 v3.1.5b (3.1.5b)
\pgfexternal@startupbox=\box59
))
(/usr/share/texlive/texmf-dist/tex/generic/pgf/basiclayer/pgfcorelayers.code.te
x
File: pgfcorelayers.code.tex 2020/01/08 v3.1.5b (3.1.5b)
)
(/usr/share/texlive/texmf-dist/tex/generic/pgf/basiclayer/pgfcoretransparency.c
ode.tex
File: pgfcoretransparency.code.tex 2020/01/08 v3.1.5b (3.1.5b)
)
(/usr/share/texlive/texmf-dist/tex/generic/pgf/basiclayer/pgfcorepatterns.code.
tex
File: pgfcorepatterns.code.tex 2020/01/08 v3.1.5b (3.1.5b)
)
(/usr/share/texlive/texmf-dist/tex/generic/pgf/basiclayer/pgfcorerdf.code.tex
File: pgfcorerdf.code.tex 2020/01/08 v3.1.5b (3.1.5b)
))) (/usr/share/texlive/texmf-dist/tex/latex/pgf/utilities/xxcolor.sty
Package: xxcolor 2003/10/24 ver 0.1
\XC@nummixins=\count273
\XC@countmixins=\count274
)
(/usr/share/texlive/texmf-dist/tex/generic/atbegshi/atbegshi.sty
Package: atbegshi 2019/12/05 v1.19 At begin shipout hook (HO)

(/usr/share/texlive/texmf-dist/tex/generic/infwarerr/infwarerr.sty
Package: infwarerr 2019/12/03 v1.5 Providing info/warning/error messages (HO)
)
(/usr/share/texlive/texmf-dist/tex/generic/ltxcmds/ltxcmds.sty
Package: ltxcmds 2019/12/15 v1.24 LaTeX kernel commands for general use (HO)
))
(/usr/share/texlive/texmf-dist/tex/latex/hyperref/hyperref.sty
Package: hyperref 2020/01/14 v7.00d Hypertext links for LaTeX

(/usr/share/texlive/texmf-dist/tex/latex/pdftexcmds/pdftexcmds.sty
Package: pdftexcmds 2019/11/24 v0.31 Utility functions of pdfTeX for LuaTeX (HO
)
Package pdftexcmds Info: \pdf@primitive is available.
Package pdftexcmds Info: \pdf@ifprimitive is available.
Package pdftexcmds Info: \pdfdraftmode found.
)
(/usr/share/texlive/texmf-dist/tex/generic/kvsetkeys/kvsetkeys.sty
Package: kvsetkeys 2019/12/15 v1.18 Key value parser (HO)
)
(/usr/share/texlive/texmf-dist/tex/generic/kvdefinekeys/kvdefinekeys.sty
Package: kvdefinekeys 2019-12-19 v1.6 Define keys (HO)
)
(/usr/share/texlive/texmf-dist/tex/generic/pdfescape/pdfescape.sty
Package: pdfescape 2019/12/09 v1.15 Implements pdfTeX's escape features (HO)
)
(/usr/share/texlive/texmf-dist/tex/latex/hycolor/hycolor.sty
Package: hycolor 2020-01-27 v1.10 Color options for hyperref/bookmark (HO)
)
(/usr/share/texlive/texmf-dist/tex/latex/letltxmacro/letltxmacro.sty
Package: letltxmacro 2019/12/03 v1.6 Let assignment for LaTeX macros (HO)
)
(/usr/share/texlive/texmf-dist/tex/latex/auxhook/auxhook.sty
Package: auxhook 2019-12-17 v1.6 Hooks for auxiliary files (HO)
)
(/usr/share/texlive/texmf-dist/tex/latex/kvoptions/kvoptions.sty
Package: kvoptions 2019/11/29 v3.13 Key value format for package options (HO)
)
\@linkdim=\dimen197
\Hy@linkcounter=\count275
\Hy@pagecounter=\count276

(/usr/share/texlive/texmf-dist/tex/latex/hyperref/pd1enc.def
File: pd1enc.def 2020/01/14 v7.00d Hyperref: PDFDocEncoding definition (HO)
Now handling font encoding PD1 ...
... no UTF-8 mapping file for font encoding PD1
)
(/usr/share/texlive/texmf-dist/tex/generic/intcalc/intcalc.sty
Package: intcalc 2019/12/15 v1.3 Expandable calculations with integers (HO)
)
(/usr/share/texlive/texmf-dist/tex/generic/etexcmds/etexcmds.sty
Package: etexcmds 2019/12/15 v1.7 Avoid name clashes with e-TeX commands (HO)
)
\Hy@SavedSpaceFactor=\count277
\pdfmajorversion=\count278
Package hyperref Info: Option `bookmarks' set `true' on input line 4421.
Package hyperref Info: Option `bookmarksopen' set `true' on input line 4421.
Package hyperref Info: Option `implicit' set `false' on input line 4421.
Package hyperref Info: Hyper figures OFF on input line 4547.
Package hyperref Info: Link nesting OFF on input line 4552.
Package hyperref Info: Hyper index ON on input line 4555.
Package hyperref Info: Plain pages OFF on input line 4562.
Package hyperref Info: Backreferencing OFF on input line 4567.
Package hyperref Info: Implicit mode OFF; no redefinition of LaTeX internals.
Package hyperref Info: Bookmarks ON on input line 4800.
\c@Hy@tempcnt=\count279

(/usr/share/texlive/texmf-dist/tex/latex/url/url.sty
\Urlmuskip=\muskip16
Package: url 2013/09/16  ver 3.4  Verb mode for urls, etc.
)
LaTeX Info: Redefining \url on input line 5159.
\XeTeXLinkMargin=\dimen198

(/usr/share/texlive/texmf-dist/tex/generic/bitset/bitset.sty
Package: bitset 2019/12/09 v1.3 Handle bit-vector datatype (HO)

(/usr/share/texlive/texmf-dist/tex/generic/bigintcalc/bigintcalc.sty
Package: bigintcalc 2019/12/15 v1.5 Expandable calculations on big integers (HO
)
))
\Fld@menulength=\count280
\Field@Width=\dimen199
\Fld@charsize=\dimen256
Package hyperref Info: Hyper figures OFF on input line 6430.
Package hyperref Info: Link nesting OFF on input line 6435.
Package hyperref Info: Hyper index ON on input line 6438.
Package hyperref Info: backreferencing OFF on input line 6445.
Package hyperref Info: Link coloring OFF on input line 6450.
Package hyperref Info: Link coloring with OCG OFF on input line 6455.
Package hyperref Info: PDF/A mode OFF on input line 6460.
LaTeX Info: Redefining \ref on input line 6500.
LaTeX Info: Redefining \pageref on input line 6504.
\Hy@abspage=\count281


Package hyperref Message: Stopped early.

)
Package hyperref Info: Driver (autodetected): hpdftex.
 (/usr/share/texlive/texmf-dist/tex/latex/hyperref/hpdftex.def
File: hpdftex.def 2020/01/14 v7.00d Hyperref driver for pdfTeX

(/usr/share/texlive/texmf-dist/tex/latex/atveryend/atveryend.sty
Package: atveryend 2019-12-11 v1.11 Hooks at the very end of document (HO)
)
\Fld@listcount=\count282
\c@bookmark@seq@number=\count283

(/usr/share/texlive/texmf-dist/tex/latex/rerunfilecheck/rerunfilecheck.sty
Package: rerunfilecheck 2019/12/05 v1.9 Rerun checks for auxiliary files (HO)

(/usr/share/texlive/texmf-dist/tex/generic/uniquecounter/uniquecounter.sty
Package: uniquecounter 2019/12/15 v1.4 Provide unlimited unique counter (HO)
)
Package uniquecounter Info: New unique counter `rerunfilecheck' on input line 2
86.
))
(/usr/share/texlive/texmf-dist/tex/latex/beamer/beamerbaserequires.sty
(/usr/share/texlive/texmf-dist/tex/latex/beamer/beamerbasecompatibility.sty)
(/usr/share/texlive/texmf-dist/tex/latex/beamer/beamerbasefont.sty
(/usr/share/texlive/texmf-dist/tex/latex/amsfonts/amssymb.sty
Package: amssymb 2013/01/14 v3.01 AMS font symbols

(/usr/share/texlive/texmf-dist/tex/latex/amsfonts/amsfonts.sty
Package: amsfonts 2013/01/14 v3.01 Basic AMSFonts support
\@emptytoks=\toks26
\symAMSa=\mathgroup4
\symAMSb=\mathgroup5
LaTeX Font Info:    Redeclaring math symbol \hbar on input line 98.
LaTeX Font Info:    Overwriting math alphabet `\mathfrak' in version `bold'
(Font)                  U/euf/m/n --> U/euf/b/n on input line 106.
)))
(/usr/share/texlive/texmf-dist/tex/latex/beamer/beamerbasetranslator.sty
(/usr/share/texlive/texmf-dist/tex/latex/translator/translator.sty
Package: translator 2019-05-31 v1.12a Easy translation of strings in LaTeX
))
(/usr/share/texlive/texmf-dist/tex/latex/beamer/beamerbasemisc.sty)
(/usr/share/texlive/texmf-dist/tex/latex/beamer/beamerbasetwoscreens.sty)
(/usr/share/texlive/texmf-dist/tex/latex/beamer/beamerbaseoverlay.sty
\beamer@argscount=\count284
\beamer@lastskipcover=\skip50
\beamer@trivlistdepth=\count285
)
(/usr/share/texlive/texmf-dist/tex/latex/beamer/beamerbasetitle.sty)
(/usr/share/texlive/texmf-dist/tex/latex/beamer/beamerbasesection.sty
\c@lecture=\count286
\c@part=\count287
\c@section=\count288
\c@subsection=\count289
\c@subsubsection=\count290
)
(/usr/share/texlive/texmf-dist/tex/latex/beamer/beamerbaseframe.sty
\beamer@framebox=\box60
\beamer@frametitlebox=\box61
\beamer@zoombox=\box62
\beamer@zoomcount=\count291
\beamer@zoomframecount=\count292
\beamer@frametextheight=\dimen257
\c@subsectionslide=\count293
\beamer@frametopskip=\skip51
\beamer@framebottomskip=\skip52
\beamer@frametopskipautobreak=\skip53
\beamer@framebottomskipautobreak=\skip54
\beamer@envbody=\toks27
\framewidth=\dimen258
\c@framenumber=\count294
)
(/usr/share/texlive/texmf-dist/tex/latex/beamer/beamerbaseverbatim.sty
\beamer@verbatimfileout=\write4
)
(/usr/share/texlive/texmf-dist/tex/latex/beamer/beamerbaseframesize.sty
\beamer@splitbox=\box63
\beamer@autobreakcount=\count295
\beamer@autobreaklastheight=\dimen259
\beamer@frametitletoks=\toks28
\beamer@framesubtitletoks=\toks29
)
(/usr/share/texlive/texmf-dist/tex/latex/beamer/beamerbaseframecomponents.sty
\beamer@footins=\box64
)
(/usr/share/texlive/texmf-dist/tex/latex/beamer/beamerbasecolor.sty)
(/usr/share/texlive/texmf-dist/tex/latex/beamer/beamerbasenotes.sty
\beamer@frameboxcopy=\box65
)
(/usr/share/texlive/texmf-dist/tex/latex/beamer/beamerbasetoc.sty)
(/usr/share/texlive/texmf-dist/tex/latex/beamer/beamerbasetemplates.sty
\beamer@sbttoks=\toks30

(/usr/share/texlive/texmf-dist/tex/latex/beamer/beamerbaseauxtemplates.sty
(/usr/share/texlive/texmf-dist/tex/latex/beamer/beamerbaseboxes.sty
\bmb@box=\box66
\bmb@colorbox=\box67
\bmb@boxshadow=\box68
\bmb@boxshadowball=\box69
\bmb@boxshadowballlarge=\box70
\bmb@temp=\dimen260
\bmb@dima=\dimen261
\bmb@dimb=\dimen262
\bmb@prevheight=\dimen263
)
\beamer@blockheadheight=\dimen264
))
(/usr/share/texlive/texmf-dist/tex/latex/beamer/beamerbaselocalstructure.sty
(/usr/share/texlive/texmf-dist/tex/latex/tools/enumerate.sty
Package: enumerate 2015/07/23 v3.00 enumerate extensions (DPC)
\@enLab=\toks31
)
\c@figure=\count296
\c@table=\count297
\abovecaptionskip=\skip55
\belowcaptionskip=\skip56
)
(/usr/share/texlive/texmf-dist/tex/latex/beamer/beamerbasenavigation.sty
\beamer@section@min@dim=\dimen265
)
(/usr/share/texlive/texmf-dist/tex/latex/beamer/beamerbasetheorems.sty
(/usr/share/texlive/texmf-dist/tex/latex/amsmath/amsmath.sty
Package: amsmath 2020/01/20 v2.17e AMS math features
\@mathmargin=\skip57

For additional information on amsmath, use the `?' option.
(/usr/share/texlive/texmf-dist/tex/latex/amsmath/amstext.sty
Package: amstext 2000/06/29 v2.01 AMS text

(/usr/share/texlive/texmf-dist/tex/latex/amsmath/amsgen.sty
File: amsgen.sty 1999/11/30 v2.0 generic functions
\@emptytoks=\toks32
\ex@=\dimen266
))
(/usr/share/texlive/texmf-dist/tex/latex/amsmath/amsbsy.sty
Package: amsbsy 1999/11/29 v1.2d Bold Symbols
\pmbraise@=\dimen267
)
(/usr/share/texlive/texmf-dist/tex/latex/amsmath/amsopn.sty
Package: amsopn 2016/03/08 v2.02 operator names
)
\inf@bad=\count298
LaTeX Info: Redefining \frac on input line 227.
\uproot@=\count299
\leftroot@=\count300
LaTeX Info: Redefining \overline on input line 389.
\classnum@=\count301
\DOTSCASE@=\count302
LaTeX Info: Redefining \ldots on input line 486.
LaTeX Info: Redefining \dots on input line 489.
LaTeX Info: Redefining \cdots on input line 610.
\Mathstrutbox@=\box71
\strutbox@=\box72
\big@size=\dimen268
LaTeX Font Info:    Redeclaring font encoding OML on input line 733.
LaTeX Font Info:    Redeclaring font encoding OMS on input line 734.
\macc@depth=\count303
\c@MaxMatrixCols=\count304
\dotsspace@=\muskip17
\c@parentequation=\count305
\dspbrk@lvl=\count306
\tag@help=\toks33
\row@=\count307
\column@=\count308
\maxfields@=\count309
\andhelp@=\toks34
\eqnshift@=\dimen269
\alignsep@=\dimen270
\tagshift@=\dimen271
\tagwidth@=\dimen272
\totwidth@=\dimen273
\lineht@=\dimen274
\@envbody=\toks35
\multlinegap=\skip58
\multlinetaggap=\skip59
\mathdisplay@stack=\toks36
LaTeX Info: Redefining \[ on input line 2859.
LaTeX Info: Redefining \] on input line 2860.
)
(/usr/share/texlive/texmf-dist/tex/latex/amscls/amsthm.sty
Package: amsthm 2017/10/31 v2.20.4
\thm@style=\toks37
\thm@bodyfont=\toks38
\thm@headfont=\toks39
\thm@notefont=\toks40
\thm@headpunct=\toks41
\thm@preskip=\skip60
\thm@postskip=\skip61
\thm@headsep=\skip62
\dth@everypar=\toks42
)
\c@theorem=\count310
)
(/usr/share/texlive/texmf-dist/tex/latex/beamer/beamerbasethemes.sty))
(/usr/share/texlive/texmf-dist/tex/latex/beamer/beamerthemedefault.sty
(/usr/share/texlive/texmf-dist/tex/latex/beamer/beamerfontthemedefault.sty)
(/usr/share/texlive/texmf-dist/tex/latex/beamer/beamercolorthemedefault.sty)
(/usr/share/texlive/texmf-dist/tex/latex/beamer/beamerinnerthemedefault.sty
\beamer@dima=\dimen275
\beamer@dimb=\dimen276
)
(/usr/share/texlive/texmf-dist/tex/latex/beamer/beamerouterthemedefault.sty)))
(/usr/share/texlive/texmf-dist/tex/latex/pgf/utilities/pgfpages.sty
Package: pgfpages 2011/01/05 ver 0.02

(/usr/share/texlive/texmf-dist/tex/latex/tools/calc.sty
Package: calc 2017/05/25 v4.3 Infix arithmetic (KKT,FJ)
\calc@Acount=\count311
\calc@Bcount=\count312
\calc@Adimen=\dimen277
\calc@Bdimen=\dimen278
\calc@Askip=\skip63
\calc@Bskip=\skip64
LaTeX Info: Redefining \setlength on input line 80.
LaTeX Info: Redefining \addtolength on input line 81.
\calc@Ccount=\count313
\calc@Cskip=\skip65
)
\pgf@logicalpages=\count314
\pgf@firstshipout=\count315
\pgf@lastshipout=\count316
\pgf@currentshipout=\count317
\pgf@cpn=\count318
\pgf@shipoutnextto=\count319
\pgfphysicalheight=\dimen279
\pgfphysicalwidth=\dimen280
\pgfpages@shipoutbox=\box73
)
(/usr/share/texlive/texmf-dist/tex/latex/base/inputenc.sty
Package: inputenc 2018/08/11 v1.3c Input encoding file
\inpenc@prehook=\toks43
\inpenc@posthook=\toks44
)
(/usr/share/texlive/texmf-dist/tex/latex/base/fontenc.sty
Package: fontenc 2020/02/11 v2.0o Standard LaTeX package
)
(/usr/share/texlive/texmf-dist/tex/latex/adjustbox/adjustbox.sty
Package: adjustbox 2019/01/04 v1.2 Adjusting TeX boxes (trim, clip, ...)

(/usr/share/texlive/texmf-dist/tex/latex/xkeyval/xkeyval.sty
Package: xkeyval 2014/12/03 v2.7a package option processing (HA)

(/usr/share/texlive/texmf-dist/tex/generic/xkeyval/xkeyval.tex
(/usr/share/texlive/texmf-dist/tex/generic/xkeyval/xkvutils.tex
\XKV@toks=\toks45
\XKV@tempa@toks=\toks46
)
\XKV@depth=\count320
File: xkeyval.tex 2014/12/03 v2.7a key=value parser (HA)
))
(/usr/share/texlive/texmf-dist/tex/latex/adjustbox/adjcalc.sty
Package: adjcalc 2012/05/16 v1.1 Provides advanced setlength with multiple back
-ends (calc, etex, pgfmath)
)
(/usr/share/texlive/texmf-dist/tex/latex/adjustbox/trimclip.sty
Package: trimclip 2018/04/08 v1.1 Trim and clip general TeX material

(/usr/share/texlive/texmf-dist/tex/latex/collectbox/collectbox.sty
Package: collectbox 2012/05/17 v0.4b Collect macro arguments as boxes
\collectedbox=\box74
)
\tc@llx=\dimen281
\tc@lly=\dimen282
\tc@urx=\dimen283
\tc@ury=\dimen284
Package trimclip Info: Using driver 'tc-pdftex.def'.

(/usr/share/texlive/texmf-dist/tex/latex/adjustbox/tc-pdftex.def
File: tc-pdftex.def 2019/01/04 v2.2 Clipping driver for pdftex
))
\adjbox@Width=\dimen285
\adjbox@Height=\dimen286
\adjbox@Depth=\dimen287
\adjbox@Totalheight=\dimen288
\adjbox@pwidth=\dimen289
\adjbox@pheight=\dimen290
\adjbox@pdepth=\dimen291
\adjbox@ptotalheight=\dimen292

(/usr/share/texlive/texmf-dist/tex/latex/ifoddpage/ifoddpage.sty
Package: ifoddpage 2016/04/23 v1.1 Conditionals for odd/even page detection
\c@checkoddpage=\count321
)
(/usr/share/texlive/texmf-dist/tex/latex/varwidth/varwidth.sty
Package: varwidth 2009/03/30 ver 0.92;  Variable-width minipages
\@vwid@box=\box75
\sift@deathcycles=\count322
\@vwid@loff=\dimen293
\@vwid@roff=\dimen294
))
(/usr/share/texlive/texmf-dist/tex/latex/booktabs/booktabs.sty
Package: booktabs 2020/01/12 v1.61803398 Publication quality tables
\heavyrulewidth=\dimen295
\lightrulewidth=\dimen296
\cmidrulewidth=\dimen297
\belowrulesep=\dimen298
\belowbottomsep=\dimen299
\aboverulesep=\dimen300
\abovetopsep=\dimen301
\cmidrulesep=\dimen302
\cmidrulekern=\dimen303
\defaultaddspace=\dimen304
\@cmidla=\count323
\@cmidlb=\count324
\@aboverulesep=\dimen305
\@belowrulesep=\dimen306
\@thisruleclass=\count325
\@lastruleclass=\count326
\@thisrulewidth=\dimen307
)
(/usr/share/texlive/texmf-dist/tex/latex/colortbl/colortbl.sty
Package: colortbl 2020/01/04 v1.0e Color table columns (DPC)

(/usr/share/texlive/texmf-dist/tex/latex/tools/array.sty
Package: array 2019/08/31 v2.4l Tabular extension package (FMi)
\col@sep=\dimen308
\ar@mcellbox=\box76
\extrarowheight=\dimen309
\NC@list=\toks47
\extratabsurround=\skip66
\backup@length=\skip67
\ar@cellbox=\box77
)
\everycr=\toks48
\minrowclearance=\skip68
)
(/usr/share/texlive/texmf-dist/tex/latex/biblatex/biblatex.sty
Package: biblatex 2019/12/01 v3.14 programmable bibliographies (PK/MW)

(/usr/share/texlive/texmf-dist/tex/latex/logreq/logreq.sty
Package: logreq 2010/08/04 v1.0 xml request logger
\lrq@indent=\count327

(/usr/share/texlive/texmf-dist/tex/latex/logreq/logreq.def
File: logreq.def 2010/08/04 v1.0 logreq spec v1.0
))
(/usr/share/texlive/texmf-dist/tex/latex/base/ifthen.sty
Package: ifthen 2014/09/29 v1.1c Standard LaTeX ifthen package (DPC)
)
\c@tabx@nest=\count328
\c@listtotal=\count329
\c@listcount=\count330
\c@liststart=\count331
\c@liststop=\count332
\c@citecount=\count333
\c@citetotal=\count334
\c@multicitecount=\count335
\c@multicitetotal=\count336
\c@instcount=\count337
\c@maxnames=\count338
\c@minnames=\count339
\c@maxitems=\count340
\c@minitems=\count341
\c@citecounter=\count342
\c@maxcitecounter=\count343
\c@savedcitecounter=\count344
\c@uniquelist=\count345
\c@uniquename=\count346
\c@refsection=\count347
\c@refsegment=\count348
\c@maxextratitle=\count349
\c@maxextratitleyear=\count350
\c@maxextraname=\count351
\c@maxextradate=\count352
\c@maxextraalpha=\count353
\c@abbrvpenalty=\count354
\c@highnamepenalty=\count355
\c@lownamepenalty=\count356
\c@maxparens=\count357
\c@parenlevel=\count358
\blx@tempcnta=\count359
\blx@tempcntb=\count360
\blx@tempcntc=\count361
\blx@maxsection=\count362
\blx@maxsegment@0=\count363
\blx@notetype=\count364
\blx@parenlevel@text=\count365
\blx@parenlevel@foot=\count366
\blx@sectionciteorder@0=\count367
\blx@entrysetcounter=\count368
\labelnumberwidth=\skip69
\labelalphawidth=\skip70
\biblabelsep=\skip71
\bibitemsep=\skip72
\bibnamesep=\skip73
\bibinitsep=\skip74
\bibparsep=\skip75
\bibhang=\skip76
\blx@bcfin=\read3
\blx@bcfout=\write5
\blx@langwohyphens=\language3
\c@mincomprange=\count369
\c@maxcomprange=\count370
\c@mincompwidth=\count371
Package biblatex Info: Trying to load biblatex default data model...
Package biblatex Info: ... file 'blx-dm.def' found.

(/usr/share/texlive/texmf-dist/tex/latex/biblatex/blx-dm.def
File: blx-dm.def 2019/12/01 v3.14 biblatex localization (PK/MW)
)
Package biblatex Info: Trying to load biblatex style data model...
Package biblatex Info: ... file 'authoryear.dbx' not found.
Package biblatex Info: Trying to load biblatex custom data model...
Package biblatex Info: ... file 'biblatex-dm.cfg' not found.
\c@afterword=\count372
\c@savedafterword=\count373
\c@annotator=\count374
\c@savedannotator=\count375
\c@author=\count376
\c@savedauthor=\count377
\c@bookauthor=\count378
\c@savedbookauthor=\count379
\c@commentator=\count380
\c@savedcommentator=\count381
\c@editor=\count382
\c@savededitor=\count383
\c@editora=\count384
\c@savededitora=\count385
\c@editorb=\count386
\c@savededitorb=\count387
\c@editorc=\count388
\c@savededitorc=\count389
\c@foreword=\count390
\c@savedforeword=\count391
\c@holder=\count392
\c@savedholder=\count393
\c@introduction=\count394
\c@savedintroduction=\count395
\c@namea=\count396
\c@savednamea=\count397
\c@nameb=\count398
\c@savednameb=\count399
\c@namec=\count400
\c@savednamec=\count401
\c@translator=\count402
\c@savedtranslator=\count403
\c@shortauthor=\count404
\c@savedshortauthor=\count405
\c@shorteditor=\count406
\c@savedshorteditor=\count407
\c@labelname=\count408
\c@savedlabelname=\count409
\c@institution=\count410
\c@savedinstitution=\count411
\c@lista=\count412
\c@savedlista=\count413
\c@listb=\count414
\c@savedlistb=\count415
\c@listc=\count416
\c@savedlistc=\count417
\c@listd=\count418
\c@savedlistd=\count419
\c@liste=\count420
\c@savedliste=\count421
\c@listf=\count422
\c@savedlistf=\count423
\c@location=\count424
\c@savedlocation=\count425
\c@organization=\count426
\c@savedorganization=\count427
\c@origlocation=\count428
\c@savedoriglocation=\count429
\c@origpublisher=\count430
\c@savedorigpublisher=\count431
\c@publisher=\count432
\c@savedpublisher=\count433
\c@language=\count434
\c@savedlanguage=\count435
\c@origlanguage=\count436
\c@savedoriglanguage=\count437
\c@pageref=\count438
\c@savedpageref=\count439
\shorthandwidth=\skip77
\shortjournalwidth=\skip78
\shortserieswidth=\skip79
\shorttitlewidth=\skip80
\shortauthorwidth=\skip81
\shorteditorwidth=\skip82
\locallabelnumberwidth=\skip83
\locallabelalphawidth=\skip84
\localshorthandwidth=\skip85
\localshortjournalwidth=\skip86
\localshortserieswidth=\skip87
\localshorttitlewidth=\skip88
\localshortauthorwidth=\skip89
\localshorteditorwidth=\skip90
Package biblatex Info: Trying to load compatibility code...
Package biblatex Info: ... file 'blx-compat.def' found.

(/usr/share/texlive/texmf-dist/tex/latex/biblatex/blx-compat.def
File: blx-compat.def 2019/12/01 v3.14 biblatex compatibility (PK/MW)
)
Package biblatex Info: Trying to load generic definitions...
Package biblatex Info: ... file 'biblatex.def' found.

(/usr/share/texlive/texmf-dist/tex/latex/biblatex/biblatex.def
File: biblatex.def 2019/12/01 v3.14 biblatex compatibility (PK/MW)
\c@textcitecount=\count440
\c@textcitetotal=\count441
\c@textcitemaxnames=\count442
\c@biburlbigbreakpenalty=\count443
\c@biburlbreakpenalty=\count444
\c@biburlnumpenalty=\count445
\c@biburlucpenalty=\count446
\c@biburllcpenalty=\count447
\biburlbigskip=\muskip18
\biburlnumskip=\muskip19
\biburlucskip=\muskip20
\biburllcskip=\muskip21
\c@smartand=\count448
)
Package biblatex Info: Trying to load bibliography style 'authoryear'...
Package biblatex Info: ... file 'authoryear.bbx' found.

(/usr/share/texlive/texmf-dist/tex/latex/biblatex/bbx/authoryear.bbx
File: authoryear.bbx 2019/12/01 v3.14 biblatex bibliography style (PK/MW)
Package biblatex Info: Trying to load bibliography style 'standard'...
Package biblatex Info: ... file 'standard.bbx' found.

(/usr/share/texlive/texmf-dist/tex/latex/biblatex/bbx/standard.bbx
File: standard.bbx 2019/12/01 v3.14 biblatex bibliography style (PK/MW)
\c@bbx:relatedcount=\count449
\c@bbx:relatedtotal=\count450
))
Package biblatex Info: Trying to load citation style 'authoryear'...
Package biblatex Info: ... file 'authoryear.cbx' found.

(/usr/share/texlive/texmf-dist/tex/latex/biblatex/cbx/authoryear.cbx
File: authoryear.cbx 2019/12/01 v3.14 biblatex citation style (PK/MW)
Package biblatex Info: Redefining '\cite'.
Package biblatex Info: Redefining '\parencite'.
Package biblatex Info: Redefining '\footcite'.
Package biblatex Info: Redefining '\footcitetext'.
Package biblatex Info: Redefining '\smartcite'.
Package biblatex Info: Redefining '\textcite'.
Package biblatex Info: Redefining '\textcites'.
)
Package biblatex Info: Trying to load configuration file...
Package biblatex Info: ... file 'biblatex.cfg' found.

(/usr/share/texlive/texmf-dist/tex/latex/biblatex/biblatex.cfg
File: biblatex.cfg 
))
(/usr/share/texlive/texmf-dist/tex/latex/caption/caption.sty
Package: caption 2020/01/03 v3.4h Customizing captions (AR)

(/usr/share/texlive/texmf-dist/tex/latex/caption/caption3.sty
Package: caption3 2020/01/03 v1.8h caption3 kernel (AR)
Package caption3 Info: TeX engine: e-TeX on input line 61.
\captionmargin=\dimen310
\captionmargin@=\dimen311
\captionwidth=\dimen312
\caption@tempdima=\dimen313
\caption@indent=\dimen314
\caption@parindent=\dimen315
\caption@hangindent=\dimen316
Package caption Info: beamer document class detected.
)
\c@caption@flags=\count451
\c@continuedfloat=\count452
Package caption Info: beamer document class.
Package caption Info: hyperref package is loaded.
Package caption Info: Hyperref support is turned off
(caption)             because hyperref has stopped early.
)
(/usr/share/texlive/texmf-dist/tex/latex/beamer/beamerthemeMadrid.sty
(/usr/share/texlive/texmf-dist/tex/latex/beamer/beamercolorthemewhale.sty)
(/usr/share/texlive/texmf-dist/tex/latex/beamer/beamercolorthemeorchid.sty)
(/usr/share/texlive/texmf-dist/tex/latex/beamer/beamerinnerthemerounded.sty)
(/usr/share/texlive/texmf-dist/tex/latex/beamer/beamerouterthemeinfolines.sty))
(/usr/share/texlive/texmf-dist/tex/latex/beamer/beamercolorthemestructure.sty)
\@quotelevel=\count453
\@quotereset=\count454

(/usr/share/texlive/texmf-dist/tex/latex/l3backend/l3backend-pdfmode.def
File: l3backend-pdfmode.def 2020-02-03 L3 backend support: PDF mode
\l__kernel_color_stack_int=\count455
\l__pdf_internal_box=\box78
)
(./SWCD-2021-07-30.aux)
\openout1 = `SWCD-2021-07-30.aux'.

LaTeX Font Info:    Checking defaults for OML/cmm/m/it on input line 58.
LaTeX Font Info:    ... okay on input line 58.
LaTeX Font Info:    Checking defaults for OMS/cmsy/m/n on input line 58.
LaTeX Font Info:    ... okay on input line 58.
LaTeX Font Info:    Checking defaults for OT1/cmr/m/n on input line 58.
LaTeX Font Info:    ... okay on input line 58.
LaTeX Font Info:    Checking defaults for T1/cmr/m/n on input line 58.
LaTeX Font Info:    ... okay on input line 58.
LaTeX Font Info:    Checking defaults for TS1/cmr/m/n on input line 58.
LaTeX Font Info:    ... okay on input line 58.
LaTeX Font Info:    Checking defaults for OMX/cmex/m/n on input line 58.
LaTeX Font Info:    ... okay on input line 58.
LaTeX Font Info:    Checking defaults for U/cmr/m/n on input line 58.
LaTeX Font Info:    ... okay on input line 58.
LaTeX Font Info:    Checking defaults for PD1/pdf/m/n on input line 58.
LaTeX Font Info:    ... okay on input line 58.

*geometry* driver: auto-detecting
*geometry* detected driver: pdftex
*geometry* verbose mode - [ preamble ] result:
* driver: pdftex
* paper: custom
* layout: <same size as paper>
* layoutoffset:(h,v)=(0.0pt,0.0pt)
* modes: includehead includefoot 
* h-part:(L,W,R)=(10.88002pt, 342.43532pt, 10.88002pt)
* v-part:(T,H,B)=(0.0pt, 273.14662pt, 0.0pt)
* \paperwidth=364.19536pt
* \paperheight=273.14662pt
* \textwidth=342.43532pt
* \textheight=244.6939pt
* \oddsidemargin=-61.38997pt
* \evensidemargin=-61.38997pt
* \topmargin=-72.26999pt
* \headheight=14.22636pt
* \headsep=0.0pt
* \topskip=11.0pt
* \footskip=14.22636pt
* \marginparwidth=4.0pt
* \marginparsep=10.0pt
* \columnsep=10.0pt
* \skip\footins=10.0pt plus 4.0pt minus 2.0pt
* \hoffset=0.0pt
* \voffset=0.0pt
* \mag=1000
* \@twocolumnfalse
* \@twosidefalse
* \@mparswitchfalse
* \@reversemarginfalse
* (1in=72.27pt=25.4mm, 1cm=28.453pt)

(/usr/share/texlive/texmf-dist/tex/context/base/mkii/supp-pdf.mkii
[Loading MPS to PDF converter (version 2006.09.02).]
\scratchcounter=\count456
\scratchdimen=\dimen317
\scratchbox=\box79
\nofMPsegments=\count457
\nofMParguments=\count458
\everyMPshowfont=\toks49
\MPscratchCnt=\count459
\MPscratchDim=\dimen318
\MPnumerator=\count460
\makeMPintoPDFobject=\count461
\everyMPtoPDFconversion=\toks50
) (/usr/share/texlive/texmf-dist/tex/latex/epstopdf-pkg/epstopdf-base.sty
Package: epstopdf-base 2020-01-24 v2.11 Base part for package epstopdf
Package epstopdf-base Info: Redefining graphics rule for `.eps' on input line 4
85.

(/usr/share/texlive/texmf-dist/tex/latex/latexconfig/epstopdf-sys.cfg
File: epstopdf-sys.cfg 2010/07/13 v1.3 Configuration of (r)epstopdf for TeX Liv
e
))
ABD: EveryShipout initializing macros
\AtBeginShipoutBox=\box80
Package hyperref Info: Link coloring OFF on input line 58.

(/usr/share/texlive/texmf-dist/tex/latex/hyperref/nameref.sty
Package: nameref 2019/09/16 v2.46 Cross-referencing by name of section

(/usr/share/texlive/texmf-dist/tex/latex/refcount/refcount.sty
Package: refcount 2019/12/15 v3.6 Data extraction from label references (HO)
)
(/usr/share/texlive/texmf-dist/tex/generic/gettitlestring/gettitlestring.sty
Package: gettitlestring 2019/12/15 v1.6 Cleanup title references (HO)
)
\c@section@level=\count462
)
LaTeX Info: Redefining \ref on input line 58.
LaTeX Info: Redefining \pageref on input line 58.
LaTeX Info: Redefining \nameref on input line 58.

(./SWCD-2021-07-30.out) (./SWCD-2021-07-30.out)
\@outlinefile=\write6
\openout6 = `SWCD-2021-07-30.out'.

LaTeX Font Info:    Overwriting symbol font `operators' in version `normal'
(Font)                  OT1/cmr/m/n --> OT1/cmss/m/n on input line 58.
LaTeX Font Info:    Overwriting symbol font `operators' in version `bold'
(Font)                  OT1/cmr/bx/n --> OT1/cmss/b/n on input line 58.
\symnumbers=\mathgroup6
\sympureletters=\mathgroup7
LaTeX Font Info:    Overwriting math alphabet `\mathrm' in version `normal'
(Font)                  OT1/cmss/m/n --> T1/cmr/m/n on input line 58.
LaTeX Font Info:    Redeclaring math alphabet \mathbf on input line 58.
LaTeX Font Info:    Overwriting math alphabet `\mathbf' in version `normal'
(Font)                  OT1/cmr/bx/n --> T1/cmss/b/n on input line 58.
LaTeX Font Info:    Overwriting math alphabet `\mathbf' in version `bold'
(Font)                  OT1/cmr/bx/n --> T1/cmss/b/n on input line 58.
LaTeX Font Info:    Redeclaring math alphabet \mathsf on input line 58.
LaTeX Font Info:    Overwriting math alphabet `\mathsf' in version `normal'
(Font)                  OT1/cmss/m/n --> T1/cmss/m/n on input line 58.
LaTeX Font Info:    Overwriting math alphabet `\mathsf' in version `bold'
(Font)                  OT1/cmss/bx/n --> T1/cmss/m/n on input line 58.
LaTeX Font Info:    Redeclaring math alphabet \mathit on input line 58.
LaTeX Font Info:    Overwriting math alphabet `\mathit' in version `normal'
(Font)                  OT1/cmr/m/it --> T1/cmss/m/it on input line 58.
LaTeX Font Info:    Overwriting math alphabet `\mathit' in version `bold'
(Font)                  OT1/cmr/bx/it --> T1/cmss/m/it on input line 58.
LaTeX Font Info:    Redeclaring math alphabet \mathtt on input line 58.
LaTeX Font Info:    Overwriting math alphabet `\mathtt' in version `normal'
(Font)                  OT1/cmtt/m/n --> T1/cmtt/m/n on input line 58.
LaTeX Font Info:    Overwriting math alphabet `\mathtt' in version `bold'
(Font)                  OT1/cmtt/m/n --> T1/cmtt/m/n on input line 58.
LaTeX Font Info:    Overwriting symbol font `numbers' in version `bold'
(Font)                  T1/cmss/m/n --> T1/cmss/b/n on input line 58.
LaTeX Font Info:    Overwriting symbol font `pureletters' in version `bold'
(Font)                  T1/cmss/m/it --> T1/cmss/b/it on input line 58.
LaTeX Font Info:    Overwriting math alphabet `\mathrm' in version `bold'
(Font)                  OT1/cmss/b/n --> T1/cmr/b/n on input line 58.
LaTeX Font Info:    Overwriting math alphabet `\mathbf' in version `bold'
(Font)                  T1/cmss/b/n --> T1/cmss/b/n on input line 58.
LaTeX Font Info:    Overwriting math alphabet `\mathsf' in version `bold'
(Font)                  T1/cmss/m/n --> T1/cmss/b/n on input line 58.
LaTeX Font Info:    Overwriting math alphabet `\mathit' in version `bold'
(Font)                  T1/cmss/m/it --> T1/cmss/b/it on input line 58.
LaTeX Font Info:    Overwriting math alphabet `\mathtt' in version `bold'
(Font)                  T1/cmtt/m/n --> T1/cmtt/b/n on input line 58.

(/usr/share/texlive/texmf-dist/tex/latex/translator/translator-basic-dictionary
-English.dict
Dictionary: translator-basic-dictionary, Language: English 
)
(/usr/share/texlive/texmf-dist/tex/latex/translator/translator-bibliography-dic
tionary-English.dict
Dictionary: translator-bibliography-dictionary, Language: English 
)
(/usr/share/texlive/texmf-dist/tex/latex/translator/translator-environment-dict
ionary-English.dict
Dictionary: translator-environment-dictionary, Language: English 
)
(/usr/share/texlive/texmf-dist/tex/latex/translator/translator-months-dictionar
y-English.dict
Dictionary: translator-months-dictionary, Language: English 
)
(/usr/share/texlive/texmf-dist/tex/latex/translator/translator-numbers-dictiona
ry-English.dict
Dictionary: translator-numbers-dictionary, Language: English 
)
(/usr/share/texlive/texmf-dist/tex/latex/translator/translator-theorem-dictiona
ry-English.dict
Dictionary: translator-theorem-dictionary, Language: English 
)
Package biblatex Info: Trying to load language 'english'...
Package biblatex Info: ... file 'english.lbx' found.

(/usr/share/texlive/texmf-dist/tex/latex/biblatex/lbx/english.lbx
File: english.lbx 2019/12/01 v3.14 biblatex localization (PK/MW)
)
Package biblatex Info: Input encoding 'utf8' detected.
Package biblatex Info: Automatic encoding selection.
(biblatex)             Assuming data encoding 'utf8'.
\openout5 = `SWCD-2021-07-30.bcf'.

Package biblatex Info: Trying to load bibliographic data...
Package biblatex Info: ... file 'SWCD-2021-07-30.bbl' found.

(./SWCD-2021-07-30.bbl)
Package biblatex Info: Reference section=0 on input line 58.
Package biblatex Info: Reference segment=0 on input line 58.
Package caption Info: Begin \AtBeginDocument code.
Package caption Info: End \AtBeginDocument code.
 (./SWCD-2021-07-30.nav)
<big_g2.pdf, id=48, 265.79298pt x 292.292pt>
File: big_g2.pdf Graphic file (type pdf)
<use big_g2.pdf>
Package pdftex.def Info: big_g2.pdf  used on input line 60.
(pdftex.def)             Requested size: 56.9055pt x 62.57841pt.
 [1

{/var/lib/texmf/fonts/map/pdftex/updmap/pdftex.map} <./big_g2.pdf>] (./SWCD-202
1-07-30.toc) [2

] [3

]
<Guam.jpg, id=152, 1954.34366pt x 1099.31831pt>
File: Guam.jpg Graphic file (type jpg)
<use Guam.jpg>
Package pdftex.def Info: Guam.jpg  used on input line 70.
(pdftex.def)             Requested size: 1954.3389pt x 1099.31564pt.

Overfull \vbox (44.72304pt too high) detected at line 70
 []

[4

 <./Guam.jpg>]
<hippo.jpg, id=179, 1806.75pt x 1204.5pt>
File: hippo.jpg Graphic file (type jpg)
<use hippo.jpg>
Package pdftex.def Info: hippo.jpg  used on input line 74.
(pdftex.def)             Requested size: 1806.7456pt x 1204.49707pt.

Overfull \vbox (31.70561pt too high) detected at line 74
 []

[5

 <./hippo.jpg>]
File: hippo.jpg Graphic file (type jpg)
<use hippo.jpg>
Package pdftex.def Info: hippo.jpg  used on input line 85.
(pdftex.def)             Requested size: 195.35216pt x 130.23729pt.
LaTeX Font Info:    Trying to load font information for T1+cmtt on input line 8
5.
 (/usr/share/texlive/texmf-dist/tex/latex/base/t1cmtt.fd
File: t1cmtt.fd 2019/12/16 v2.5j Standard LaTeX font definitions
)
[6

]
<Bill_Clinton.jpg, id=233, 154.176pt x 201.1515pt>
File: Bill_Clinton.jpg Graphic file (type jpg)
<use Bill_Clinton.jpg>
Package pdftex.def Info: Bill_Clinton.jpg  used on input line 105.
(pdftex.def)             Requested size: 79.85672pt x 104.18825pt.
 [7

 <./Bill_Clinton.jpg>]
<desert_island.jpg, id=263, 908.39375pt x 735.74875pt>
File: desert_island.jpg Graphic file (type jpg)
<use desert_island.jpg>
Package pdftex.def Info: desert_island.jpg  used on input line 113.
(pdftex.def)             Requested size: 908.39154pt x 735.74695pt.
 [8

 <./desert_island.jpg>]
<pacific-traffic.png, id=292, 1106.1325pt x 837.1275pt>
File: pacific-traffic.png Graphic file (type png)
<use pacific-traffic.png>
Package pdftex.def Info: pacific-traffic.png  used on input line 121.
(pdftex.def)             Requested size: 171.21765pt x 129.57458pt.
<container-ship.jpg, id=293, 740.0448pt x 492.1587pt>
File: container-ship.jpg Graphic file (type jpg)
<use container-ship.jpg>
Package pdftex.def Info: container-ship.jpg  used on input line 121.
(pdftex.def)             Requested size: 171.21765pt x 113.86249pt.

Overfull \vbox (61.67314pt too high) detected at line 121
 []

[9

 <./pacific-traffic.png> <./container-ship.jpg>]
<kahului-airport.jpg, id=322, 1204.5pt x 803.0pt>
File: kahului-airport.jpg Graphic file (type jpg)
<use kahului-airport.jpg>
Package pdftex.def Info: kahului-airport.jpg  used on input line 136.
(pdftex.def)             Requested size: 136.741pt x 91.1677pt.
LaTeX Font Info:    Trying to load font information for U+msa on input line 136
.

(/usr/share/texlive/texmf-dist/tex/latex/amsfonts/umsa.fd
File: umsa.fd 2013/01/14 v3.01 AMS symbols A
)
LaTeX Font Info:    Trying to load font information for U+msb on input line 136
.

(/usr/share/texlive/texmf-dist/tex/latex/amsfonts/umsb.fd
File: umsb.fd 2013/01/14 v3.01 AMS symbols B
) [10

 <./kahului-airport.jpg>] [11

]
<guamtop100.png, id=377, 1003.75pt x 709.65125pt>
File: guamtop100.png Graphic file (type png)
<use guamtop100.png>
Package pdftex.def Info: guamtop100.png  used on input line 149.
(pdftex.def)             Requested size: 1003.74756pt x 709.6495pt.

Overfull \vbox (5.65993pt too high) detected at line 149
 []

[12

 <./guamtop100.png>]
<5-annotated.png, id=406, 253.1859pt x 199.4652pt>
File: 5-annotated.png Graphic file (type png)
<use 5-annotated.png>
Package pdftex.def Info: 5-annotated.png  used on input line 153.
(pdftex.def)             Requested size: 253.18527pt x 199.4647pt.

Overfull \vbox (3.06935pt too high) detected at line 153
 []

[13

 <./5-annotated.png>] [14

]
<diag1.pdf, id=461, 794.97pt x 614.295pt>
File: diag1.pdf Graphic file (type pdf)
<use diag1.pdf>
Package pdftex.def Info: diag1.pdf  used on input line 169.
(pdftex.def)             Requested size: 794.96806pt x 614.29349pt.
 [15

 <./diag1.pdf>] [16

] [17

]
<bts.jpg, id=781, 645.41125pt x 474.77374pt>
File: bts.jpg Graphic file (type jpg)
<use bts.jpg>
Package pdftex.def Info: bts.jpg  used on input line 199.
(pdftex.def)             Requested size: 645.40968pt x 474.77258pt.

Overfull \vbox (0.80746pt too high) detected at line 199
 []

[18

 <./bts.jpg>]
<birds-before-bts.png, id=808, 1606.0pt x 903.375pt>
File: birds-before-bts.png Graphic file (type png)
<use birds-before-bts.png>
Package pdftex.def Info: birds-before-bts.png  used on input line 205.
(pdftex.def)             Requested size: 370.45049pt x 208.38046pt.

Overfull \hbox (28.01517pt too wide) in paragraph at lines 205--205
 [] 
 []


Overfull \vbox (1.21654pt too high) detected at line 205
 []

[19

 <./birds-before-bts.png>]
<birds-after-bts.png, id=837, 1606.0pt x 903.375pt>
File: birds-after-bts.png Graphic file (type png)
<use birds-after-bts.png>
Package pdftex.def Info: birds-after-bts.png  used on input line 211.
(pdftex.def)             Requested size: 370.45049pt x 208.38046pt.

Overfull \hbox (28.01517pt too wide) in paragraph at lines 211--211
 [] 
 []


Overfull \vbox (1.21654pt too high) detected at line 211
 []

[20

 <./birds-after-bts.png>]
<eureka-bird-loss.png, id=864, 629.35126pt x 309.155pt>
File: eureka-bird-loss.png Graphic file (type png)
<use eureka-bird-loss.png>
Package pdftex.def Info: eureka-bird-loss.png  used on input line 219.
(pdftex.def)             Requested size: 265.13239pt x 130.23729pt.
 [21

 <./eureka-bird-loss.png>] [22

] [23

]
<asian-cycad-scale/output-07.png, id=944, 364.2408pt x 273.1806pt>
File: asian-cycad-scale/output-07.png Graphic file (type png)
<use asian-cycad-scale/output-07.png>
Package pdftex.def Info: asian-cycad-scale/output-07.png  used on input line 23
5.
(pdftex.def)             Requested size: 243.11191pt x 182.33142pt.
 [24

 <./asian-cycad-scale/output-07.png (PNG copy)>] [25

]
<asian-cycad-scale/output-09.png, id=999, 364.2408pt x 273.1806pt>
File: asian-cycad-scale/output-09.png Graphic file (type png)
<use asian-cycad-scale/output-09.png>
Package pdftex.def Info: asian-cycad-scale/output-09.png  used on input line 25
0.
(pdftex.def)             Requested size: 364.23991pt x 273.17992pt.

Overfull \vbox (28.07587pt too high) detected at line 250
 []

[26

 <./asian-cycad-scale/output-09.png (PNG copy)>]
<asian-cycad-scale/output-10.png, id=1026, 364.2408pt x 273.1806pt>
File: asian-cycad-scale/output-10.png Graphic file (type png)
<use asian-cycad-scale/output-10.png>
Package pdftex.def Info: asian-cycad-scale/output-10.png  used on input line 25
4.
(pdftex.def)             Requested size: 364.23991pt x 273.17992pt.

Overfull \vbox (28.07587pt too high) detected at line 254
 []

[27

 <./asian-cycad-scale/output-10.png (PNG copy)>]
<asian-cycad-scale/output-11.png, id=1054, 364.2408pt x 273.1806pt>
File: asian-cycad-scale/output-11.png Graphic file (type png)
<use asian-cycad-scale/output-11.png>
Package pdftex.def Info: asian-cycad-scale/output-11.png  used on input line 25
8.
(pdftex.def)             Requested size: 364.23991pt x 273.17992pt.

Overfull \vbox (28.07587pt too high) detected at line 258
 []

[28

 <./asian-cycad-scale/output-11.png (PNG copy)>]
<asian-cycad-scale/output-12.png, id=1081, 364.2408pt x 273.1806pt>
File: asian-cycad-scale/output-12.png Graphic file (type png)
<use asian-cycad-scale/output-12.png>
Package pdftex.def Info: asian-cycad-scale/output-12.png  used on input line 26
2.
(pdftex.def)             Requested size: 364.23991pt x 273.17992pt.

Overfull \vbox (28.07587pt too high) detected at line 262
 []

[29

 <./asian-cycad-scale/output-12.png (PNG copy)>]
<asian-cycad-scale/output-13.png, id=1108, 364.2408pt x 273.1806pt>
File: asian-cycad-scale/output-13.png Graphic file (type png)
<use asian-cycad-scale/output-13.png>
Package pdftex.def Info: asian-cycad-scale/output-13.png  used on input line 26
6.
(pdftex.def)             Requested size: 364.23991pt x 273.17992pt.

Overfull \vbox (28.07587pt too high) detected at line 266
 []

[30

 <./asian-cycad-scale/output-13.png (PNG copy)>]
<asian-cycad-scale/output-14.png, id=1135, 364.2408pt x 273.1806pt>
File: asian-cycad-scale/output-14.png Graphic file (type png)
<use asian-cycad-scale/output-14.png>
Package pdftex.def Info: asian-cycad-scale/output-14.png  used on input line 27
0.
(pdftex.def)             Requested size: 364.23991pt x 273.17992pt.

Overfull \vbox (28.07587pt too high) detected at line 270
 []

[31

 <./asian-cycad-scale/output-14.png (PNG copy)>]
<asian-cycad-scale/output-15.png, id=1164, 364.2408pt x 273.1806pt>
File: asian-cycad-scale/output-15.png Graphic file (type png)
<use asian-cycad-scale/output-15.png>
Package pdftex.def Info: asian-cycad-scale/output-15.png  used on input line 27
4.
(pdftex.def)             Requested size: 364.23991pt x 273.17992pt.

Overfull \vbox (28.07587pt too high) detected at line 274
 []

[32

 <./asian-cycad-scale/output-15.png (PNG copy)>]
<asian-cycad-scale/output-16.png, id=1191, 364.2408pt x 273.1806pt>
File: asian-cycad-scale/output-16.png Graphic file (type png)
<use asian-cycad-scale/output-16.png>
Package pdftex.def Info: asian-cycad-scale/output-16.png  used on input line 27
8.
(pdftex.def)             Requested size: 364.23991pt x 273.17992pt.

Overfull \vbox (28.07587pt too high) detected at line 278
 []

[33

 <./asian-cycad-scale/output-16.png (PNG copy)>]
<asian-cycad-scale/output-17.png, id=1218, 364.2408pt x 273.1806pt>
File: asian-cycad-scale/output-17.png Graphic file (type png)
<use asian-cycad-scale/output-17.png>
Package pdftex.def Info: asian-cycad-scale/output-17.png  used on input line 28
2.
(pdftex.def)             Requested size: 364.23991pt x 273.17992pt.

Overfull \vbox (28.07587pt too high) detected at line 282
 []

[34

 <./asian-cycad-scale/output-17.png (PNG copy)>]
<asian-cycad-scale/output-18.png, id=1245, 364.2408pt x 273.1806pt>
File: asian-cycad-scale/output-18.png Graphic file (type png)
<use asian-cycad-scale/output-18.png>
Package pdftex.def Info: asian-cycad-scale/output-18.png  used on input line 28
6.
(pdftex.def)             Requested size: 364.23991pt x 273.17992pt.

Overfull \vbox (28.07587pt too high) detected at line 286
 []

[35

 <./asian-cycad-scale/output-18.png (PNG copy)>]
<asian-cycad-scale/output-19.png, id=1273, 364.2408pt x 273.1806pt>
File: asian-cycad-scale/output-19.png Graphic file (type png)
<use asian-cycad-scale/output-19.png>
Package pdftex.def Info: asian-cycad-scale/output-19.png  used on input line 29
0.
(pdftex.def)             Requested size: 364.23991pt x 273.17992pt.

Overfull \vbox (28.07587pt too high) detected at line 290
 []

[36

 <./asian-cycad-scale/output-19.png (PNG copy)>]
<asian-cycad-scale/output-20.png, id=1300, 364.2408pt x 273.1806pt>
File: asian-cycad-scale/output-20.png Graphic file (type png)
<use asian-cycad-scale/output-20.png>
Package pdftex.def Info: asian-cycad-scale/output-20.png  used on input line 29
4.
(pdftex.def)             Requested size: 364.23991pt x 273.17992pt.

Overfull \vbox (28.07587pt too high) detected at line 294
 []

[37

 <./asian-cycad-scale/output-20.png (PNG copy)>]
<asian-cycad-scale/output-24.png, id=1328, 364.2408pt x 273.1806pt>
File: asian-cycad-scale/output-24.png Graphic file (type png)
<use asian-cycad-scale/output-24.png>
Package pdftex.def Info: asian-cycad-scale/output-24.png  used on input line 29
8.
(pdftex.def)             Requested size: 364.23991pt x 273.17992pt.

Overfull \vbox (28.07587pt too high) detected at line 298
 []

[38

 <./asian-cycad-scale/output-24.png (PNG copy)>]
<asian-cycad-scale/output-25.png, id=1355, 364.2408pt x 273.1806pt>
File: asian-cycad-scale/output-25.png Graphic file (type png)
<use asian-cycad-scale/output-25.png>
Package pdftex.def Info: asian-cycad-scale/output-25.png  used on input line 30
2.
(pdftex.def)             Requested size: 364.23991pt x 273.17992pt.

Overfull \vbox (28.07587pt too high) detected at line 302
 []

[39

 <./asian-cycad-scale/output-25.png (PNG copy)>]
<asian-cycad-scale/output-51.png, id=1383, 364.2408pt x 273.1806pt>
File: asian-cycad-scale/output-51.png Graphic file (type png)
<use asian-cycad-scale/output-51.png>
Package pdftex.def Info: asian-cycad-scale/output-51.png  used on input line 30
6.
(pdftex.def)             Requested size: 364.23991pt x 273.17992pt.

Overfull \vbox (28.07587pt too high) detected at line 306
 []

[40

 <./asian-cycad-scale/output-51.png (PNG copy)>]
<CAS.png, id=1410, 1329.96875pt x 1042.89626pt>
File: CAS.png Graphic file (type png)
<use CAS.png>
Package pdftex.def Info: CAS.png  used on input line 312.
(pdftex.def)             Requested size: 1329.96552pt x 1042.89372pt.

Overfull \vbox (5.65482pt too high) detected at line 312
 []

[41

 <./CAS.png>] [42

] [43

]
<crb-climate-change-connection/outputname-02.png, id=1493, 751.8489pt x 548.047
5pt>
File: crb-climate-change-connection/outputname-02.png Graphic file (type png)
<use crb-climate-change-connection/outputname-02.png>
Package pdftex.def Info: crb-climate-change-connection/outputname-02.png  used 
on input line 326.
(pdftex.def)             Requested size: 751.84708pt x 548.04616pt.

Overfull \vbox (20.84894pt too high) detected at line 326
 []

[44

 <./crb-climate-change-connection/outputname-02.png (PNG copy)>]
<crb_map.png, id=1520, 1385.175pt x 794.97pt>
File: crb_map.png Graphic file (type png)
<use crb_map.png>
Package pdftex.def Info: crb_map.png  used on input line 331.
(pdftex.def)             Requested size: 1385.17163pt x 794.96806pt.
 [45

 <./crb_map.png>]
<crb_life_cycle2_cropped.png, id=1548, 910.40125pt x 710.655pt>
File: crb_life_cycle2_cropped.png Graphic file (type png)
<use crb_life_cycle2_cropped.png>
Package pdftex.def Info: crb_life_cycle2_cropped.png  used on input line 335.
(pdftex.def)             Requested size: 910.39902pt x 710.65326pt.

Overfull \vbox (5.65535pt too high) detected at line 335
 []

[46

 <./crb_life_cycle2_cropped.png (PNG copy)>]
<crb-climate-change-connection/outputname-08.png, id=1575, 751.8489pt x 548.047
5pt>
File: crb-climate-change-connection/outputname-08.png Graphic file (type png)
<use crb-climate-change-connection/outputname-08.png>
Package pdftex.def Info: crb-climate-change-connection/outputname-08.png  used 
on input line 339.
(pdftex.def)             Requested size: 751.84708pt x 548.04616pt.

Overfull \vbox (20.84894pt too high) detected at line 339
 []

[47

 <./crb-climate-change-connection/outputname-08.png (PNG copy)>]
<crb-climate-change-connection/outputname-04.png, id=1603, 751.8489pt x 548.047
5pt>
File: crb-climate-change-connection/outputname-04.png Graphic file (type png)
<use crb-climate-change-connection/outputname-04.png>
Package pdftex.def Info: crb-climate-change-connection/outputname-04.png  used 
on input line 343.
(pdftex.def)             Requested size: 751.84708pt x 548.04616pt.

Overfull \vbox (20.84894pt too high) detected at line 343
 []

[48

 <./crb-climate-change-connection/outputname-04.png (PNG copy)>]
<crb-climate-change-connection/outputname-05.png, id=1630, 751.8489pt x 548.047
5pt>
File: crb-climate-change-connection/outputname-05.png Graphic file (type png)
<use crb-climate-change-connection/outputname-05.png>
Package pdftex.def Info: crb-climate-change-connection/outputname-05.png  used 
on input line 347.
(pdftex.def)             Requested size: 751.84708pt x 548.04616pt.

Overfull \vbox (20.84894pt too high) detected at line 347
 []

[49

 <./crb-climate-change-connection/outputname-05.png (PNG copy)>]
<crb-climate-change-connection/outputname-09.png, id=1658, 751.8489pt x 548.047
5pt>
File: crb-climate-change-connection/outputname-09.png Graphic file (type png)
<use crb-climate-change-connection/outputname-09.png>
Package pdftex.def Info: crb-climate-change-connection/outputname-09.png  used 
on input line 351.
(pdftex.def)             Requested size: 751.84708pt x 548.04616pt.

Overfull \vbox (20.84894pt too high) detected at line 351
 []

[50

 <./crb-climate-change-connection/outputname-09.png (PNG copy)>]
<crb-climate-change-connection/outputname-10.png, id=1685, 751.8489pt x 548.047
5pt>
File: crb-climate-change-connection/outputname-10.png Graphic file (type png)
<use crb-climate-change-connection/outputname-10.png>
Package pdftex.def Info: crb-climate-change-connection/outputname-10.png  used 
on input line 355.
(pdftex.def)             Requested size: 751.84708pt x 548.04616pt.

Overfull \vbox (20.84894pt too high) detected at line 355
 []

[51

 <./crb-climate-change-connection/outputname-10.png (PNG copy)>] [52

]
[53

]
<crb-climate-change-connection/outputname-14.png, id=1765, 751.8489pt x 548.047
5pt>
File: crb-climate-change-connection/outputname-14.png Graphic file (type png)
<use crb-climate-change-connection/outputname-14.png>
Package pdftex.def Info: crb-climate-change-connection/outputname-14.png  used 
on input line 374.
(pdftex.def)             Requested size: 751.84708pt x 548.04616pt.

Overfull \vbox (20.84894pt too high) detected at line 374
 []

[54

 <./crb-climate-change-connection/outputname-14.png (PNG copy)>]
<crb-climate-change-connection/outputname-13.png, id=1792, 751.8489pt x 548.047
5pt>
File: crb-climate-change-connection/outputname-13.png Graphic file (type png)
<use crb-climate-change-connection/outputname-13.png>
Package pdftex.def Info: crb-climate-change-connection/outputname-13.png  used 
on input line 378.
(pdftex.def)             Requested size: 751.84708pt x 548.04616pt.

Overfull \vbox (20.84894pt too high) detected at line 378
 []

[55

 <./crb-climate-change-connection/outputname-13.png (PNG copy)>]
<crb-climate-change-connection/outputname-15.png, id=1820, 751.8489pt x 548.047
5pt>
File: crb-climate-change-connection/outputname-15.png Graphic file (type png)
<use crb-climate-change-connection/outputname-15.png>
Package pdftex.def Info: crb-climate-change-connection/outputname-15.png  used 
on input line 382.
(pdftex.def)             Requested size: 751.84708pt x 548.04616pt.

Overfull \vbox (20.84894pt too high) detected at line 382
 []

[56

 <./crb-climate-change-connection/outputname-15.png (PNG copy)>] [57

]
<lfa.jpg, id=1874, 903.375pt x 810.02625pt>
File: lfa.jpg Graphic file (type jpg)
<use lfa.jpg>
Package pdftex.def Info: lfa.jpg  used on input line 395.
(pdftex.def)             Requested size: 174.28963pt x 156.28633pt.

[58

 <./lfa.jpg>]
<lfa2small.jpg, id=1901, 361.35pt x 271.0125pt>
File: lfa2small.jpg Graphic file (type jpg)
<use lfa2small.jpg>
Package pdftex.def Info: lfa2small.jpg  used on input line 403.
(pdftex.def)             Requested size: 171.21765pt x 128.41385pt.
<lfa-pencil.jpg, id=1902, 401.5pt x 281.05pt>
File: lfa-pencil.jpg Graphic file (type jpg)
<use lfa-pencil.jpg>
Package pdftex.def Info: lfa-pencil.jpg  used on input line 403.
(pdftex.def)             Requested size: 171.21765pt x 119.8542pt.

Overfull \vbox (54.50412pt too high) detected at line 403
 []

[59

 <./lfa2small.jpg> <./lfa-pencil.jpg>]
<lfa-stings.png, id=1930, 789.95125pt x 328.22626pt>
File: lfa-stings.png Graphic file (type png)
<use lfa-stings.png>
Package pdftex.def Info: lfa-stings.png  used on input line 409.
(pdftex.def)             Requested size: 342.43532pt x 142.28143pt.
 [60

 <./lfa-stings.png>]
<lfa-eyes.png, id=1957, 758.835pt x 268.00125pt>
File: lfa-eyes.png Graphic file (type png)
<use lfa-eyes.png>
Package pdftex.def Info: lfa-eyes.png  used on input line 415.
(pdftex.def)             Requested size: 342.43532pt x 120.93886pt.
 [61

 <./lfa-eyes.png>]
<lfa-hemiptera.png, id=1985, 390.45876pt x 422.57875pt>
File: lfa-hemiptera.png Graphic file (type png)
<use lfa-hemiptera.png>
Package pdftex.def Info: lfa-hemiptera.png  used on input line 421.
(pdftex.def)             Requested size: 204.58281pt x 221.40498pt.

Overfull \vbox (0.64105pt too high) detected at line 421
 []

[62

 <./lfa-hemiptera.png>] [63

]
<lfa-dump.png, id=2039, 722.3715pt x 541.6965pt>
File: lfa-dump.png Graphic file (type png)
<use lfa-dump.png>
Package pdftex.def Info: lfa-dump.png  used on input line 438.
(pdftex.def)             Requested size: 260.51648pt x 195.35594pt.

Overfull \vbox (0.59201pt too high) detected at line 438
 []

[64

 <./lfa-dump.png>] [65

] [66

] [67

]
Underfull \hbox (badness 10000) in paragraph at lines 479--479
\T1/cmss/bx/n/10.95 to-tal
 []


Underfull \hbox (badness 10000) in paragraph at lines 479--479
\T1/cmss/bx/n/10.95 tree
 []


Overfull \hbox (2.8265pt too wide) in paragraph at lines 479--479
\T1/cmss/bx/n/10.95 count| 
 []

[68

] [69

]
<asian-cycad-scale/output-53.png, id=2199, 364.2408pt x 273.1806pt>
File: asian-cycad-scale/output-53.png Graphic file (type png)
<use asian-cycad-scale/output-53.png>
Package pdftex.def Info: asian-cycad-scale/output-53.png  used on input line 49
1.
(pdftex.def)             Requested size: 364.23991pt x 273.17992pt.
 [70

 <./asian-cycad-scale/output-53.png (PNG copy)>]

Package biblatex Warning: No driver for entry type 'video'.
(biblatex)                Using fallback driver on input line 496.

[71

 </usr/share/texlive/texmf-dist/tex/latex/beamer/beamericonarticle.pdf>]
\tf@nav=\write7
\openout7 = `SWCD-2021-07-30.nav'.

\tf@toc=\write8
\openout8 = `SWCD-2021-07-30.toc'.

\tf@snm=\write9
\openout9 = `SWCD-2021-07-30.snm'.

Package atveryend Info: Empty hook `BeforeClearDocument' on input line 498.
Package atveryend Info: Empty hook `AfterLastShipout' on input line 498.

(./SWCD-2021-07-30.aux)
Package atveryend Info: Executing hook `AtVeryEndDocument' on input line 498.
Package atveryend Info: Executing hook `AtEndAfterFileList' on input line 498.
Package rerunfilecheck Info: File `SWCD-2021-07-30.out' has not changed.
(rerunfilecheck)             Checksum: FA405FC8766408A096155866BFD3FCBB;350.
Package logreq Info: Writing requests to 'SWCD-2021-07-30.run.xml'.
\openout1 = `SWCD-2021-07-30.run.xml'.

 ) 
Here is how much of TeX's memory you used:
 27758 strings out of 483183
 530705 string characters out of 5966292
 1150965 words of memory out of 5000000
 41997 multiletter control sequences out of 15000+600000
 553550 words of font info for 71 fonts, out of 8000000 for 9000
 14 hyphenation exceptions out of 8191
 55i,16n,96p,782b,1581s stack positions out of 5000i,500n,10000p,200000b,80000s
 </home/aubrey/.texlive2019/texmf-var/fonts/pk/ljfour/jknappen/ec/ecss0900.60
0pk> </home/aubrey/.texlive2019/texmf-var/fonts/pk/ljfour/jknappen/ec/ecsi1095.
600pk> </home/aubrey/.texlive2019/texmf-var/fonts/pk/ljfour/jknappen/ec/ecsi144
0.600pk> </home/aubrey/.texlive2019/texmf-var/fonts/pk/ljfour/jknappen/ec/ecsi1
000.600pk> </home/aubrey/.texlive2019/texmf-var/fonts/pk/ljfour/jknappen/ec/ecs
x1000.600pk> </home/aubrey/.texlive2019/texmf-var/fonts/pk/ljfour/jknappen/ec/e
css1000.600pk> </home/aubrey/.texlive2019/texmf-var/fonts/pk/ljfour/jknappen/ec
/ecsx1095.600pk> </home/aubrey/.texlive2019/texmf-var/fonts/pk/ljfour/jknappen/
ec/ectt1095.600pk> </home/aubrey/.texlive2019/texmf-var/fonts/pk/ljfour/jknappe
n/ec/ecss0600.600pk> </home/aubrey/.texlive2019/texmf-var/fonts/pk/ljfour/jknap
pen/ec/ecss0800.600pk> </home/aubrey/.texlive2019/texmf-var/fonts/pk/ljfour/jkn
appen/ec/ecss1095.600pk> </home/aubrey/.texlive2019/texmf-var/fonts/pk/ljfour/j
knappen/ec/ecss1440.600pk>
Output written on SWCD-2021-07-30.pdf (71 pages, 67374401 bytes).
PDF statistics:
 2775 PDF objects out of 2984 (max. 8388607)
 2135 compressed objects within 22 object streams
 152 named destinations out of 1000 (max. 500000)
 390 words of extra memory for PDF output out of 10000 (max. 10000000)

